2026-02-06 15:49:36,016 - INFO - Iniciando scraping de 5 páginas
2026-02-06 15:49:36,016 - INFO - Fazendo scraping da página 1: https://www.zapimoveis.com.br/venda/imoveis/pr+guarapuava/?pagina=1
2026-02-06 15:49:36,313 - ERROR - Erro ao acessar página 1: 403 Client Error: Forbidden for url: https://www.zapimoveis.com.br/venda/imoveis/pr+guarapuava/?pagina=1
2026-02-06 15:49:36,313 - INFO - Fazendo scraping da página 2: https://www.zapimoveis.com.br/venda/imoveis/pr+guarapuava/?pagina=2
2026-02-06 15:49:36,452 - ERROR - Erro ao acessar página 2: 403 Client Error: Forbidden for url: https://www.zapimoveis.com.br/venda/imoveis/pr+guarapuava/?pagina=2
2026-02-06 15:49:36,453 - INFO - Fazendo scraping da página 3: https://www.zapimoveis.com.br/venda/imoveis/pr+guarapuava/?pagina=3
2026-02-06 15:49:36,593 - ERROR - Erro ao acessar página 3: 403 Client Error: Forbidden for url: https://www.zapimoveis.com.br/venda/imoveis/pr+guarapuava/?pagina=3
2026-02-06 15:49:36,593 - INFO - Fazendo scraping da página 4: https://www.zapimoveis.com.br/venda/imoveis/pr+guarapuava/?pagina=4
2026-02-06 15:49:36,756 - ERROR - Erro ao acessar página 4: 403 Client Error: Forbidden for url: https://www.zapimoveis.com.br/venda/imoveis/pr+guarapuava/?pagina=4
2026-02-06 15:49:36,757 - INFO - Fazendo scraping da página 5: https://www.zapimoveis.com.br/venda/imoveis/pr+guarapuava/?pagina=5
2026-02-06 15:49:36,897 - ERROR - Erro ao acessar página 5: 403 Client Error: Forbidden for url: https://www.zapimoveis.com.br/venda/imoveis/pr+guarapuava/?pagina=5
2026-02-06 15:49:36,898 - INFO - Total de imóveis coletados: 0
2026-02-06 15:50:05,737 - INFO - Iniciando scraping de 5 páginas
2026-02-06 15:50:05,737 - INFO - Fazendo scraping da página 1: https://www.zapimoveis.com.br/venda/imoveis/pr+guarapuava/?pagina=1
2026-02-06 15:50:05,890 - ERROR - Erro ao acessar página 1: 403 Client Error: Forbidden for url: https://www.zapimoveis.com.br/venda/imoveis/pr+guarapuava/?pagina=1
2026-02-06 15:50:05,890 - INFO - Fazendo scraping da página 2: https://www.zapimoveis.com.br/venda/imoveis/pr+guarapuava/?pagina=2
2026-02-06 15:50:06,032 - ERROR - Erro ao acessar página 2: 403 Client Error: Forbidden for url: https://www.zapimoveis.com.br/venda/imoveis/pr+guarapuava/?pagina=2
2026-02-06 15:50:06,032 - INFO - Fazendo scraping da página 3: https://www.zapimoveis.com.br/venda/imoveis/pr+guarapuava/?pagina=3
2026-02-06 15:50:06,171 - ERROR - Erro ao acessar página 3: 403 Client Error: Forbidden for url: https://www.zapimoveis.com.br/venda/imoveis/pr+guarapuava/?pagina=3
2026-02-06 15:50:06,171 - INFO - Fazendo scraping da página 4: https://www.zapimoveis.com.br/venda/imoveis/pr+guarapuava/?pagina=4
2026-02-06 15:50:06,310 - ERROR - Erro ao acessar página 4: 403 Client Error: Forbidden for url: https://www.zapimoveis.com.br/venda/imoveis/pr+guarapuava/?pagina=4
2026-02-06 15:50:06,311 - INFO - Fazendo scraping da página 5: https://www.zapimoveis.com.br/venda/imoveis/pr+guarapuava/?pagina=5
2026-02-06 15:50:06,465 - ERROR - Erro ao acessar página 5: 403 Client Error: Forbidden for url: https://www.zapimoveis.com.br/venda/imoveis/pr+guarapuava/?pagina=5
2026-02-06 15:50:06,466 - INFO - Total de imóveis coletados: 0
2026-02-06 15:56:20,130 - [INFO] - Inicializando Selenium WebDriver...
2026-02-06 15:56:20,130 - [INFO] - ====== WebDriver manager ======
2026-02-06 15:56:20,190 - [INFO] - Get LATEST chromedriver version for google-chrome
2026-02-06 15:56:20,322 - [INFO] - Get LATEST chromedriver version for google-chrome
2026-02-06 15:56:20,414 - [INFO] - There is no [linux64] chromedriver "144.0.7559.133" for browser google-chrome "144.0.7559" in cache
2026-02-06 15:56:20,414 - [INFO] - Get LATEST chromedriver version for google-chrome
2026-02-06 15:56:20,665 - [INFO] - WebDriver version 144.0.7559.133 selected
2026-02-06 15:56:20,669 - [INFO] - Modern chrome version https://storage.googleapis.com/chrome-for-testing-public/144.0.7559.133/linux64/chromedriver-linux64.zip
2026-02-06 15:56:20,670 - [INFO] - About to download new driver from https://storage.googleapis.com/chrome-for-testing-public/144.0.7559.133/linux64/chromedriver-linux64.zip
2026-02-06 15:56:20,959 - [INFO] - Driver downloading response is 200
2026-02-06 15:56:21,587 - [INFO] - Get LATEST chromedriver version for google-chrome
2026-02-06 15:56:21,770 - [INFO] - Driver has been saved in cache [/home/felipe/.wdm/drivers/chromedriver/linux64/144.0.7559.133]
2026-02-06 15:56:22,619 - [INFO] - ✓ Selenium WebDriver inicializado com sucesso
2026-02-06 15:56:22,619 - [INFO] - ======================================================================
2026-02-06 15:56:22,619 - [INFO] - INICIANDO SCRAPING: pr+guarapuava
2026-02-06 15:56:22,619 - [INFO] - ======================================================================
2026-02-06 15:56:22,619 - [INFO] - 
--- PÁGINA 1/3 ---
2026-02-06 15:56:22,619 - [INFO] - → Acessando: https://www.zapimoveis.com.br/venda/imoveis/pr+guarapuava/?pagina=1
2026-02-06 15:56:27,145 - [INFO] - ✓ Página carregada
2026-02-06 15:56:27,352 - [INFO] - Procurando cards de imóveis...
2026-02-06 15:56:27,354 - [INFO] - Estratégia 1 - Links de imóvel encontrados: 0
2026-02-06 15:56:27,355 - [INFO] - Estratégia 2 - Cards por data-testid: 0
2026-02-06 15:56:27,355 - [INFO] - Estratégia 3 - Articles encontradas: 8
2026-02-06 15:56:27,356 - [INFO] - ✓ 0 imóveis extraídos da página
2026-02-06 15:56:27,356 - [INFO] - Aguardando 2.0s antes da próxima página...
2026-02-06 15:56:29,356 - [INFO] - 
--- PÁGINA 2/3 ---
2026-02-06 15:56:29,356 - [INFO] - → Acessando: https://www.zapimoveis.com.br/venda/imoveis/pr+guarapuava/?pagina=2
2026-02-06 15:56:32,509 - [INFO] - ✓ Página carregada
2026-02-06 15:56:32,513 - [INFO] - Procurando cards de imóveis...
2026-02-06 15:56:32,513 - [INFO] - Estratégia 1 - Links de imóvel encontrados: 0
2026-02-06 15:56:32,513 - [INFO] - Estratégia 2 - Cards por data-testid: 0
2026-02-06 15:56:32,513 - [INFO] - Estratégia 3 - Articles encontradas: 0
2026-02-06 15:56:32,513 - [WARNING] - ⚠ Nenhum card de imóvel encontrado!
2026-02-06 15:56:32,513 - [INFO] - Aguardando 2.0s antes da próxima página...
2026-02-06 15:56:34,513 - [INFO] - 
--- PÁGINA 3/3 ---
2026-02-06 15:56:34,513 - [INFO] - → Acessando: https://www.zapimoveis.com.br/venda/imoveis/pr+guarapuava/?pagina=3
2026-02-06 15:56:37,571 - [INFO] - ✓ Página carregada
2026-02-06 15:56:37,575 - [INFO] - Procurando cards de imóveis...
2026-02-06 15:56:37,575 - [INFO] - Estratégia 1 - Links de imóvel encontrados: 0
2026-02-06 15:56:37,575 - [INFO] - Estratégia 2 - Cards por data-testid: 0
2026-02-06 15:56:37,575 - [INFO] - Estratégia 3 - Articles encontradas: 0
2026-02-06 15:56:37,575 - [WARNING] - ⚠ Nenhum card de imóvel encontrado!
2026-02-06 15:56:37,575 - [WARNING] - 
⚠ Nenhum imóvel foi coletado de pr+guarapuava
2026-02-06 15:56:37,576 - [WARNING] - Nenhum imóvel foi coletado
2026-02-06 15:56:37,650 - [INFO] - ✓ WebDriver fechado
2026-02-06 15:57:45,882 - [INFO] - Inicializando WebDriver...
2026-02-06 15:57:45,882 - [INFO] - ====== WebDriver manager ======
2026-02-06 15:57:45,941 - [INFO] - Get LATEST chromedriver version for google-chrome
2026-02-06 15:57:46,034 - [INFO] - Get LATEST chromedriver version for google-chrome
2026-02-06 15:57:46,128 - [INFO] - Driver [/home/felipe/.wdm/drivers/chromedriver/linux64/144.0.7559.133/chromedriver-linux64/chromedriver] found in cache
2026-02-06 15:57:46,974 - [INFO] - ✓ WebDriver inicializado
2026-02-06 15:57:46,974 - [INFO] - ======================================================================
2026-02-06 15:57:46,974 - [INFO] - SCRAPING: pr+guarapuava
2026-02-06 15:57:46,974 - [INFO] - ======================================================================
2026-02-06 15:57:46,974 - [INFO] - 
[PÁGINA 1/3]
2026-02-06 15:57:46,974 - [INFO] - Acessando: https://www.zapimoveis.com.br/venda/imoveis/pr+guarapuava/?pagina=1
2026-02-06 15:57:52,242 - [INFO] - ✓ Página carregada
2026-02-06 15:57:52,414 - [INFO] - Encontrados 4 blocos JSON-LD
2026-02-06 15:57:52,414 - [INFO] - ItemList encontrado com 30 itens
2026-02-06 15:57:52,414 - [INFO] - ✓ 0 imóveis extraídos do JSON-LD
2026-02-06 15:57:52,414 - [INFO] - Aguardando 2.0s...
2026-02-06 15:57:54,414 - [INFO] - 
[PÁGINA 2/3]
2026-02-06 15:57:54,415 - [INFO] - Acessando: https://www.zapimoveis.com.br/venda/imoveis/pr+guarapuava/?pagina=2
2026-02-06 15:57:58,584 - [INFO] - ✓ Página carregada
2026-02-06 15:57:58,588 - [INFO] - Encontrados 0 blocos JSON-LD
2026-02-06 15:57:58,588 - [INFO] - ✓ 0 imóveis extraídos do JSON-LD
2026-02-06 15:57:58,588 - [INFO] - Aguardando 2.0s...
2026-02-06 15:58:00,588 - [INFO] - 
[PÁGINA 3/3]
2026-02-06 15:58:00,588 - [INFO] - Acessando: https://www.zapimoveis.com.br/venda/imoveis/pr+guarapuava/?pagina=3
2026-02-06 15:58:04,647 - [INFO] - ✓ Página carregada
2026-02-06 15:58:04,651 - [INFO] - Encontrados 0 blocos JSON-LD
2026-02-06 15:58:04,651 - [INFO] - ✓ 0 imóveis extraídos do JSON-LD
2026-02-06 15:58:04,651 - [WARNING] - 
⚠ Nenhum imóvel coletado de pr+guarapuava
2026-02-06 15:58:04,727 - [INFO] - ✓ WebDriver fechado
2026-02-06 16:00:28,959 - [INFO] - Inicializando WebDriver...
2026-02-06 16:00:28,960 - [INFO] - ====== WebDriver manager ======
2026-02-06 16:00:29,018 - [INFO] - Get LATEST chromedriver version for google-chrome
2026-02-06 16:00:29,121 - [INFO] - Get LATEST chromedriver version for google-chrome
2026-02-06 16:00:29,215 - [INFO] - Driver [/home/felipe/.wdm/drivers/chromedriver/linux64/144.0.7559.133/chromedriver-linux64/chromedriver] found in cache
2026-02-06 16:00:30,061 - [INFO] - ✓ WebDriver inicializado
2026-02-06 16:00:30,061 - [INFO] - ======================================================================
2026-02-06 16:00:30,061 - [INFO] - SCRAPING: pr+guarapuava
2026-02-06 16:00:30,061 - [INFO] - ======================================================================
2026-02-06 16:00:30,061 - [INFO] - 
[PÁGINA 1/3]
2026-02-06 16:00:30,061 - [INFO] - Acessando: https://www.zapimoveis.com.br/venda/imoveis/pr+guarapuava/?pagina=1
2026-02-06 16:00:34,846 - [INFO] - ✓ Página carregada
2026-02-06 16:00:35,015 - [INFO] - Encontrados 4 blocos JSON-LD
2026-02-06 16:00:35,015 - [INFO] - ItemList encontrado com 30 itens
2026-02-06 16:00:35,016 - [INFO] - ✓ 30 imóveis extraídos do JSON-LD
2026-02-06 16:00:35,016 - [INFO] - Total acumulado: 30 imóveis
2026-02-06 16:00:35,016 - [INFO] -   • Rua dos Garis, Guarapuava - R$ 200,000
2026-02-06 16:00:35,016 - [INFO] -   • Rua Senador Pinheiro Machado, Guarapuava - R$ 641,000
2026-02-06 16:00:35,016 - [INFO] -   • Rua Marabá, Guarapuava - R$ 180,000
2026-02-06 16:00:35,016 - [INFO] - Aguardando 2.0s...
2026-02-06 16:00:37,016 - [INFO] - 
[PÁGINA 2/3]
2026-02-06 16:00:37,016 - [INFO] - Acessando: https://www.zapimoveis.com.br/venda/imoveis/pr+guarapuava/?pagina=2
2026-02-06 16:00:41,177 - [INFO] - ✓ Página carregada
2026-02-06 16:00:41,181 - [INFO] - Encontrados 0 blocos JSON-LD
2026-02-06 16:00:41,181 - [INFO] - ✓ 0 imóveis extraídos do JSON-LD
2026-02-06 16:00:41,181 - [INFO] - Aguardando 2.0s...
2026-02-06 16:00:43,181 - [INFO] - 
[PÁGINA 3/3]
2026-02-06 16:00:43,181 - [INFO] - Acessando: https://www.zapimoveis.com.br/venda/imoveis/pr+guarapuava/?pagina=3
2026-02-06 16:00:47,243 - [INFO] - ✓ Página carregada
2026-02-06 16:00:47,246 - [INFO] - Encontrados 0 blocos JSON-LD
2026-02-06 16:00:47,247 - [INFO] - ✓ 0 imóveis extraídos do JSON-LD
2026-02-06 16:00:47,247 - [INFO] - 
✓ 30 imóveis de pr+guarapuava
2026-02-06 16:00:47,247 - [INFO] - 
======================================================================
2026-02-06 16:00:47,247 - [INFO] - RESUMO DOS DADOS
2026-02-06 16:00:47,247 - [INFO] - ======================================================================
2026-02-06 16:00:47,253 - [INFO] - ✓ Dados salvos: data/raw/imoveis_guarapuava.csv
2026-02-06 16:00:47,328 - [INFO] - ✓ WebDriver fechado
2026-02-06 16:01:20,668 - [INFO] - Inicializando WebDriver...
2026-02-06 16:01:20,668 - [INFO] - ====== WebDriver manager ======
2026-02-06 16:01:20,724 - [INFO] - Get LATEST chromedriver version for google-chrome
2026-02-06 16:01:20,818 - [INFO] - Get LATEST chromedriver version for google-chrome
2026-02-06 16:01:20,907 - [INFO] - Driver [/home/felipe/.wdm/drivers/chromedriver/linux64/144.0.7559.133/chromedriver-linux64/chromedriver] found in cache
2026-02-06 16:01:21,749 - [INFO] - ✓ WebDriver inicializado
2026-02-06 16:01:21,749 - [INFO] - ======================================================================
2026-02-06 16:01:21,749 - [INFO] - SCRAPING: pr+guarapuava
2026-02-06 16:01:21,749 - [INFO] - ======================================================================
2026-02-06 16:01:21,749 - [INFO] - 
[PÁGINA 1/3]
2026-02-06 16:01:21,749 - [INFO] - Acessando: https://www.zapimoveis.com.br/venda/imoveis/pr+guarapuava/?pagina=1
2026-02-06 16:01:31,522 - [INFO] - ✓ Página carregada
2026-02-06 16:01:31,693 - [INFO] - Encontrados 4 blocos JSON-LD
2026-02-06 16:01:31,693 - [INFO] - ItemList encontrado com 30 itens
2026-02-06 16:01:31,693 - [INFO] - ✓ 30 imóveis extraídos do JSON-LD
2026-02-06 16:01:31,693 - [INFO] - Total acumulado: 30 imóveis
2026-02-06 16:01:31,693 - [INFO] -   • Rua dos Garis, Guarapuava - R$ 200,000
2026-02-06 16:01:31,693 - [INFO] -   • Rua Senador Pinheiro Machado, Guarapuava - R$ 641,000
2026-02-06 16:01:31,694 - [INFO] -   • Rua Marabá, Guarapuava - R$ 180,000
2026-02-06 16:01:31,694 - [INFO] - Aguardando 2.0s...
2026-02-06 16:01:33,694 - [INFO] - 
[PÁGINA 2/3]
2026-02-06 16:01:33,694 - [INFO] - Acessando: https://www.zapimoveis.com.br/venda/imoveis/pr+guarapuava/?pagina=2
2026-02-06 16:01:42,876 - [INFO] - ✓ Página carregada
2026-02-06 16:01:42,879 - [INFO] - Encontrados 0 blocos JSON-LD
2026-02-06 16:01:42,879 - [INFO] - ✓ 0 imóveis extraídos do JSON-LD
2026-02-06 16:01:42,879 - [INFO] - Aguardando 2.0s...
2026-02-06 16:01:44,880 - [INFO] - 
[PÁGINA 3/3]
2026-02-06 16:01:44,880 - [INFO] - Acessando: https://www.zapimoveis.com.br/venda/imoveis/pr+guarapuava/?pagina=3
2026-02-06 16:01:53,951 - [INFO] - ✓ Página carregada
2026-02-06 16:01:53,955 - [INFO] - Encontrados 0 blocos JSON-LD
2026-02-06 16:01:53,955 - [INFO] - ✓ 0 imóveis extraídos do JSON-LD
2026-02-06 16:01:53,956 - [INFO] - 
✓ 30 imóveis de pr+guarapuava
2026-02-06 16:01:53,956 - [INFO] - 
======================================================================
2026-02-06 16:01:53,956 - [INFO] - RESUMO DOS DADOS
2026-02-06 16:01:53,956 - [INFO] - ======================================================================
2026-02-06 16:01:53,961 - [INFO] - ✓ Dados salvos: data/raw/imoveis_guarapuava.csv
2026-02-06 16:01:54,037 - [INFO] - ✓ WebDriver fechado
2026-02-06 16:22:05,475 - INFO - ============================================================
2026-02-06 16:22:05,476 - INFO - INICIANDO SCRAPING
2026-02-06 16:22:05,476 - INFO - Cidade: Guarapuava/PR
2026-02-06 16:22:05,476 - INFO - Páginas: 5
2026-02-06 16:22:05,476 - INFO - Delay entre páginas: 5.0-10.0s
2026-02-06 16:22:05,476 - INFO - ============================================================
2026-02-06 16:22:05,476 - INFO - ============================================================
2026-02-06 16:22:05,476 - INFO - PÁGINA 1
2026-02-06 16:22:05,476 - INFO - ============================================================
2026-02-06 16:22:05,476 - INFO - ====== WebDriver manager ======
2026-02-06 16:22:05,531 - INFO - Get LATEST chromedriver version for google-chrome
2026-02-06 16:22:05,637 - INFO - Get LATEST chromedriver version for google-chrome
2026-02-06 16:22:05,725 - INFO - Driver [/home/felipe/.wdm/drivers/chromedriver/linux64/144.0.7559.133/chromedriver-linux64/chromedriver] found in cache
2026-02-06 16:22:06,541 - INFO - Driver criado com User-Agent: Mozilla/5.0 (X11; Linux x86_64) AppleWebKit/537.36...
2026-02-06 16:22:06,541 - INFO - Acessando: https://www.zapimoveis.com.br/venda/imoveis/pr+guarapuava/?pagina=1
2026-02-06 16:22:07,585 - INFO - Aguardando 7.6s para carregamento...
2026-02-06 16:22:23,698 - INFO - Analisando página HTML...
2026-02-06 16:22:23,699 - INFO - Tentativa 1 (data-testid=property-card): 0 cards
2026-02-06 16:22:23,703 - INFO - Tentativa 2 (class contendo 'card'): 16 cards
2026-02-06 16:22:23,705 - INFO - ✓ Página 1: 0 imóveis extraídos
2026-02-06 16:22:23,782 - INFO - Driver fechado
2026-02-06 16:22:23,782 - INFO - Aguardando 9.6s antes da próxima página...
2026-02-06 16:22:33,406 - INFO - ============================================================
2026-02-06 16:22:33,406 - INFO - PÁGINA 2
2026-02-06 16:22:33,406 - INFO - ============================================================
2026-02-06 16:22:33,406 - INFO - ====== WebDriver manager ======
2026-02-06 16:22:33,464 - INFO - Get LATEST chromedriver version for google-chrome
2026-02-06 16:22:33,555 - INFO - Get LATEST chromedriver version for google-chrome
2026-02-06 16:22:33,639 - INFO - Driver [/home/felipe/.wdm/drivers/chromedriver/linux64/144.0.7559.133/chromedriver-linux64/chromedriver] found in cache
2026-02-06 16:22:34,444 - INFO - Driver criado com User-Agent: Mozilla/5.0 (X11; Linux x86_64) AppleWebKit/537.36...
2026-02-06 16:22:34,444 - INFO - Acessando: https://www.zapimoveis.com.br/venda/imoveis/pr+guarapuava/?pagina=2
2026-02-06 16:22:35,492 - INFO - Aguardando 7.4s para carregamento...
2026-02-06 16:22:50,339 - INFO - Analisando página HTML...
2026-02-06 16:22:50,342 - INFO - Tentativa 1 (data-testid=property-card): 0 cards
2026-02-06 16:22:50,346 - INFO - Tentativa 2 (class contendo 'card'): 16 cards
2026-02-06 16:22:50,348 - INFO - ✓ Página 2: 0 imóveis extraídos
2026-02-06 16:22:50,431 - INFO - Driver fechado
2026-02-06 16:22:50,432 - INFO - Aguardando 9.5s antes da próxima página...
2026-02-06 16:22:59,899 - INFO - ============================================================
2026-02-06 16:22:59,900 - INFO - PÁGINA 3
2026-02-06 16:22:59,900 - INFO - ============================================================
2026-02-06 16:22:59,900 - INFO - ====== WebDriver manager ======
2026-02-06 16:22:59,955 - INFO - Get LATEST chromedriver version for google-chrome
2026-02-06 16:23:00,045 - INFO - Get LATEST chromedriver version for google-chrome
2026-02-06 16:23:00,143 - INFO - Driver [/home/felipe/.wdm/drivers/chromedriver/linux64/144.0.7559.133/chromedriver-linux64/chromedriver] found in cache
2026-02-06 16:23:00,964 - INFO - Driver criado com User-Agent: Mozilla/5.0 (Windows NT 10.0; Win64; x64) AppleWeb...
2026-02-06 16:23:00,964 - INFO - Acessando: https://www.zapimoveis.com.br/venda/imoveis/pr+guarapuava/?pagina=3
2026-02-06 16:23:02,148 - INFO - Aguardando 7.5s para carregamento...
2026-02-06 16:23:18,179 - INFO - Analisando página HTML...
2026-02-06 16:23:18,180 - INFO - Tentativa 1 (data-testid=property-card): 0 cards
2026-02-06 16:23:18,184 - INFO - Tentativa 2 (class contendo 'card'): 16 cards
2026-02-06 16:23:18,186 - INFO - ✓ Página 3: 0 imóveis extraídos
2026-02-06 16:23:18,264 - INFO - Driver fechado
2026-02-06 16:23:18,264 - INFO - Aguardando 7.7s antes da próxima página...
2026-02-06 16:23:25,950 - INFO - ============================================================
2026-02-06 16:23:25,951 - INFO - PÁGINA 4
2026-02-06 16:23:25,951 - INFO - ============================================================
2026-02-06 16:23:25,951 - INFO - ====== WebDriver manager ======
2026-02-06 16:23:26,007 - INFO - Get LATEST chromedriver version for google-chrome
2026-02-06 16:23:26,099 - INFO - Get LATEST chromedriver version for google-chrome
2026-02-06 16:23:26,193 - INFO - Driver [/home/felipe/.wdm/drivers/chromedriver/linux64/144.0.7559.133/chromedriver-linux64/chromedriver] found in cache
2026-02-06 16:23:27,015 - INFO - Driver criado com User-Agent: Mozilla/5.0 (X11; Linux x86_64) AppleWebKit/537.36...
2026-02-06 16:23:27,015 - INFO - Acessando: https://www.zapimoveis.com.br/venda/imoveis/pr+guarapuava/?pagina=4
2026-02-06 16:23:28,059 - INFO - Aguardando 5.6s para carregamento...
2026-02-06 16:23:41,699 - INFO - Analisando página HTML...
2026-02-06 16:23:41,700 - INFO - Tentativa 1 (data-testid=property-card): 0 cards
2026-02-06 16:23:41,704 - INFO - Tentativa 2 (class contendo 'card'): 16 cards
2026-02-06 16:23:41,706 - INFO - ✓ Página 4: 0 imóveis extraídos
2026-02-06 16:23:41,780 - INFO - Driver fechado
2026-02-06 16:23:41,781 - INFO - Aguardando 5.8s antes da próxima página...
2026-02-06 16:23:47,578 - INFO - ============================================================
2026-02-06 16:23:47,578 - INFO - PÁGINA 5
2026-02-06 16:23:47,578 - INFO - ============================================================
2026-02-06 16:23:47,578 - INFO - ====== WebDriver manager ======
2026-02-06 16:23:47,634 - INFO - Get LATEST chromedriver version for google-chrome
2026-02-06 16:23:47,724 - INFO - Get LATEST chromedriver version for google-chrome
2026-02-06 16:23:47,813 - INFO - Driver [/home/felipe/.wdm/drivers/chromedriver/linux64/144.0.7559.133/chromedriver-linux64/chromedriver] found in cache
2026-02-06 16:23:48,619 - INFO - Driver criado com User-Agent: Mozilla/5.0 (Macintosh; Intel Mac OS X 10_15_7) Ap...
2026-02-06 16:23:48,619 - INFO - Acessando: https://www.zapimoveis.com.br/venda/imoveis/pr+guarapuava/?pagina=5
2026-02-06 16:23:49,711 - INFO - Aguardando 6.9s para carregamento...
2026-02-06 16:24:05,973 - INFO - Analisando página HTML...
2026-02-06 16:24:05,974 - INFO - Tentativa 1 (data-testid=property-card): 0 cards
2026-02-06 16:24:05,977 - INFO - Tentativa 2 (class contendo 'card'): 0 cards
2026-02-06 16:24:05,979 - INFO - Tentativa 3 (links com /imovel/): 30 cards
2026-02-06 16:24:05,982 - INFO - ✓ Página 5: 0 imóveis extraídos
2026-02-06 16:24:06,059 - INFO - Driver fechado
2026-02-06 16:24:06,061 - INFO - ============================================================
2026-02-06 16:24:06,061 - INFO - SCRAPING CONCLUÍDO
2026-02-06 16:24:06,061 - INFO - Total de imóveis coletados: 0
2026-02-06 16:24:06,061 - INFO - ============================================================
2026-02-06 16:26:33,235 - INFO - ============================================================
2026-02-06 16:26:33,235 - INFO - INICIANDO SCRAPING
2026-02-06 16:26:33,235 - INFO - Cidade: Guarapuava/PR
2026-02-06 16:26:33,236 - INFO - Páginas: 5
2026-02-06 16:26:33,236 - INFO - Delay entre páginas: 5.0-10.0s
2026-02-06 16:26:33,236 - INFO - ============================================================
2026-02-06 16:26:33,236 - INFO - ============================================================
2026-02-06 16:26:33,236 - INFO - PÁGINA 1
2026-02-06 16:26:33,236 - INFO - ============================================================
2026-02-06 16:26:33,236 - INFO - ====== WebDriver manager ======
2026-02-06 16:26:33,292 - INFO - Get LATEST chromedriver version for google-chrome
2026-02-06 16:26:33,388 - INFO - Get LATEST chromedriver version for google-chrome
2026-02-06 16:26:33,472 - INFO - Driver [/home/felipe/.wdm/drivers/chromedriver/linux64/144.0.7559.133/chromedriver-linux64/chromedriver] found in cache
2026-02-06 16:26:34,278 - INFO - Driver criado com User-Agent: Mozilla/5.0 (Windows NT 10.0; Win64; x64) AppleWeb...
2026-02-06 16:26:34,278 - INFO - Acessando: https://www.zapimoveis.com.br/venda/imoveis/pr+guarapuava/?pagina=1
2026-02-06 16:26:35,038 - INFO - Aguardando 5.1s para carregamento...
2026-02-06 16:26:48,029 - INFO - Analisando página HTML...
2026-02-06 16:26:48,031 - INFO - Tentativa 1 (data-testid=property-card): 0 cards
2026-02-06 16:26:48,035 - INFO - Tentativa 2 (class contendo 'card'): 16 cards
2026-02-06 16:26:48,035 - INFO - ✓ Página 1: 8 imóveis extraídos
2026-02-06 16:26:48,110 - INFO - Driver fechado
2026-02-06 16:26:48,111 - INFO - Aguardando 8.7s antes da próxima página...
2026-02-06 16:26:56,823 - INFO - ============================================================
2026-02-06 16:26:56,823 - INFO - PÁGINA 2
2026-02-06 16:26:56,823 - INFO - ============================================================
2026-02-06 16:26:56,824 - INFO - ====== WebDriver manager ======
2026-02-06 16:26:56,880 - INFO - Get LATEST chromedriver version for google-chrome
2026-02-06 16:26:56,972 - INFO - Get LATEST chromedriver version for google-chrome
2026-02-06 16:26:57,049 - INFO - Driver [/home/felipe/.wdm/drivers/chromedriver/linux64/144.0.7559.133/chromedriver-linux64/chromedriver] found in cache
2026-02-06 16:26:57,863 - INFO - Driver criado com User-Agent: Mozilla/5.0 (Windows NT 10.0; Win64; x64) AppleWeb...
2026-02-06 16:26:57,863 - INFO - Acessando: https://www.zapimoveis.com.br/venda/imoveis/pr+guarapuava/?pagina=2
2026-02-06 16:26:58,895 - INFO - Aguardando 7.7s para carregamento...
2026-02-06 16:27:14,307 - INFO - Analisando página HTML...
2026-02-06 16:27:14,309 - INFO - Tentativa 1 (data-testid=property-card): 0 cards
2026-02-06 16:27:14,312 - INFO - Tentativa 2 (class contendo 'card'): 16 cards
2026-02-06 16:27:14,313 - INFO - ✓ Página 2: 8 imóveis extraídos
2026-02-06 16:27:14,398 - INFO - Driver fechado
2026-02-06 16:27:14,399 - INFO - Aguardando 7.5s antes da próxima página...
2026-02-06 16:27:21,857 - INFO - ============================================================
2026-02-06 16:27:21,857 - INFO - PÁGINA 3
2026-02-06 16:27:21,858 - INFO - ============================================================
2026-02-06 16:27:21,858 - INFO - ====== WebDriver manager ======
2026-02-06 16:27:21,914 - INFO - Get LATEST chromedriver version for google-chrome
2026-02-06 16:27:21,997 - INFO - Get LATEST chromedriver version for google-chrome
2026-02-06 16:27:22,078 - INFO - Driver [/home/felipe/.wdm/drivers/chromedriver/linux64/144.0.7559.133/chromedriver-linux64/chromedriver] found in cache
2026-02-06 16:27:22,898 - INFO - Driver criado com User-Agent: Mozilla/5.0 (Windows NT 10.0; Win64; x64) AppleWeb...
2026-02-06 16:27:22,898 - INFO - Acessando: https://www.zapimoveis.com.br/venda/imoveis/pr+guarapuava/?pagina=3
2026-02-06 16:27:23,905 - INFO - Aguardando 6.2s para carregamento...
2026-02-06 16:27:37,785 - INFO - Analisando página HTML...
2026-02-06 16:27:37,787 - INFO - Tentativa 1 (data-testid=property-card): 0 cards
2026-02-06 16:27:37,790 - INFO - Tentativa 2 (class contendo 'card'): 16 cards
2026-02-06 16:27:37,791 - INFO - ✓ Página 3: 8 imóveis extraídos
2026-02-06 16:27:37,866 - INFO - Driver fechado
2026-02-06 16:27:37,867 - INFO - Aguardando 8.2s antes da próxima página...
2026-02-06 16:27:46,048 - INFO - ============================================================
2026-02-06 16:27:46,048 - INFO - PÁGINA 4
2026-02-06 16:27:46,049 - INFO - ============================================================
2026-02-06 16:27:46,049 - INFO - ====== WebDriver manager ======
2026-02-06 16:27:46,107 - INFO - Get LATEST chromedriver version for google-chrome
2026-02-06 16:27:46,198 - INFO - Get LATEST chromedriver version for google-chrome
2026-02-06 16:27:46,300 - INFO - Driver [/home/felipe/.wdm/drivers/chromedriver/linux64/144.0.7559.133/chromedriver-linux64/chromedriver] found in cache
2026-02-06 16:27:47,125 - INFO - Driver criado com User-Agent: Mozilla/5.0 (Windows NT 10.0; Win64; x64; rv:121.0...
2026-02-06 16:27:47,125 - INFO - Acessando: https://www.zapimoveis.com.br/venda/imoveis/pr+guarapuava/?pagina=4
2026-02-06 16:27:47,809 - INFO - Aguardando 6.4s para carregamento...
2026-02-06 16:28:02,146 - INFO - Analisando página HTML...
2026-02-06 16:28:02,149 - INFO - Tentativa 1 (data-testid=property-card): 0 cards
2026-02-06 16:28:02,156 - INFO - Tentativa 2 (class contendo 'card'): 16 cards
2026-02-06 16:28:02,157 - INFO - ✓ Página 4: 8 imóveis extraídos
2026-02-06 16:28:02,232 - INFO - Driver fechado
2026-02-06 16:28:02,233 - INFO - Aguardando 5.4s antes da próxima página...
2026-02-06 16:28:07,595 - INFO - ============================================================
2026-02-06 16:28:07,595 - INFO - PÁGINA 5
2026-02-06 16:28:07,595 - INFO - ============================================================
2026-02-06 16:28:07,595 - INFO - ====== WebDriver manager ======
2026-02-06 16:28:07,652 - INFO - Get LATEST chromedriver version for google-chrome
2026-02-06 16:28:07,742 - INFO - Get LATEST chromedriver version for google-chrome
2026-02-06 16:28:07,839 - INFO - Driver [/home/felipe/.wdm/drivers/chromedriver/linux64/144.0.7559.133/chromedriver-linux64/chromedriver] found in cache
2026-02-06 16:28:08,637 - INFO - Driver criado com User-Agent: Mozilla/5.0 (Macintosh; Intel Mac OS X 10_15_7) Ap...
2026-02-06 16:28:08,637 - INFO - Acessando: https://www.zapimoveis.com.br/venda/imoveis/pr+guarapuava/?pagina=5
2026-02-06 16:28:09,818 - INFO - Aguardando 6.5s para carregamento...
2026-02-06 16:28:24,363 - INFO - Analisando página HTML...
2026-02-06 16:28:24,364 - INFO - Tentativa 1 (data-testid=property-card): 0 cards
2026-02-06 16:28:24,368 - INFO - Tentativa 2 (class contendo 'card'): 16 cards
2026-02-06 16:28:24,369 - INFO - ✓ Página 5: 8 imóveis extraídos
2026-02-06 16:28:24,446 - INFO - Driver fechado
2026-02-06 16:28:24,447 - INFO - ============================================================
2026-02-06 16:28:24,448 - INFO - SCRAPING CONCLUÍDO
2026-02-06 16:28:24,448 - INFO - Total de imóveis coletados: 1
2026-02-06 16:28:24,448 - INFO - ============================================================
2026-02-06 16:28:24,456 - INFO - ✓ Dados salvos em data/raw/imoveis_guarapuava_20260206_162824.csv
2026-02-06 16:34:20,910 - INFO - ============================================================
2026-02-06 16:34:20,910 - INFO - INICIANDO SCRAPING
2026-02-06 16:34:20,910 - INFO - Cidade: Guarapuava/PR
2026-02-06 16:34:20,910 - INFO - Páginas: 5
2026-02-06 16:34:20,910 - INFO - Delay entre páginas: 5.0-10.0s
2026-02-06 16:34:20,910 - INFO - ============================================================
2026-02-06 16:34:20,910 - INFO - ============================================================
2026-02-06 16:34:20,910 - INFO - PÁGINA 1
2026-02-06 16:34:20,910 - INFO - ============================================================
2026-02-06 16:34:20,910 - INFO - ====== WebDriver manager ======
2026-02-06 16:34:20,966 - INFO - Get LATEST chromedriver version for google-chrome
2026-02-06 16:34:21,059 - INFO - Get LATEST chromedriver version for google-chrome
2026-02-06 16:34:21,143 - INFO - Driver [/home/felipe/.wdm/drivers/chromedriver/linux64/144.0.7559.133/chromedriver-linux64/chromedriver] found in cache
2026-02-06 16:34:21,981 - INFO - Driver criado com User-Agent: Mozilla/5.0 (Windows NT 10.0; Win64; x64) AppleWeb...
2026-02-06 16:34:21,982 - INFO - Acessando: https://www.zapimoveis.com.br/venda/imoveis/pr+guarapuava/?pagina=1
2026-02-06 16:34:22,609 - INFO - Aguardando 7.6s para carregamento...
2026-02-06 16:34:38,715 - INFO - Analisando página HTML...
2026-02-06 16:34:38,717 - INFO - Tentativa 1 (links com /imovel/): 30 cards
2026-02-06 16:34:38,718 - INFO - ✓ Página 1: 30 imóveis extraídos
2026-02-06 16:34:38,794 - INFO - Driver fechado
2026-02-06 16:34:38,794 - INFO - Aguardando 6.4s antes da próxima página...
2026-02-06 16:34:45,205 - INFO - ============================================================
2026-02-06 16:34:45,205 - INFO - PÁGINA 2
2026-02-06 16:34:45,205 - INFO - ============================================================
2026-02-06 16:34:45,205 - INFO - ====== WebDriver manager ======
2026-02-06 16:34:45,265 - INFO - Get LATEST chromedriver version for google-chrome
2026-02-06 16:34:45,354 - INFO - Get LATEST chromedriver version for google-chrome
2026-02-06 16:34:45,436 - INFO - Driver [/home/felipe/.wdm/drivers/chromedriver/linux64/144.0.7559.133/chromedriver-linux64/chromedriver] found in cache
2026-02-06 16:34:46,244 - INFO - Driver criado com User-Agent: Mozilla/5.0 (Windows NT 10.0; Win64; x64) AppleWeb...
2026-02-06 16:34:46,244 - INFO - Acessando: https://www.zapimoveis.com.br/venda/imoveis/pr+guarapuava/?pagina=2
2026-02-06 16:34:47,399 - INFO - Aguardando 7.2s para carregamento...
2026-02-06 16:35:02,145 - INFO - Analisando página HTML...
2026-02-06 16:35:02,147 - INFO - Tentativa 1 (links com /imovel/): 38 cards
2026-02-06 16:35:02,149 - INFO - ✓ Página 2: 38 imóveis extraídos
2026-02-06 16:35:02,226 - INFO - Driver fechado
2026-02-06 16:35:02,227 - INFO - Aguardando 8.3s antes da próxima página...
2026-02-06 16:35:10,482 - INFO - ============================================================
2026-02-06 16:35:10,482 - INFO - PÁGINA 3
2026-02-06 16:35:10,482 - INFO - ============================================================
2026-02-06 16:35:10,482 - INFO - ====== WebDriver manager ======
2026-02-06 16:35:10,538 - INFO - Get LATEST chromedriver version for google-chrome
2026-02-06 16:35:10,639 - INFO - Get LATEST chromedriver version for google-chrome
2026-02-06 16:35:10,729 - INFO - Driver [/home/felipe/.wdm/drivers/chromedriver/linux64/144.0.7559.133/chromedriver-linux64/chromedriver] found in cache
2026-02-06 16:35:11,528 - INFO - Driver criado com User-Agent: Mozilla/5.0 (Windows NT 10.0; Win64; x64) AppleWeb...
2026-02-06 16:35:11,528 - INFO - Acessando: https://www.zapimoveis.com.br/venda/imoveis/pr+guarapuava/?pagina=3
2026-02-06 16:35:12,213 - INFO - Aguardando 6.7s para carregamento...
2026-02-06 16:35:26,253 - INFO - Analisando página HTML...
2026-02-06 16:35:26,255 - INFO - Tentativa 1 (links com /imovel/): 30 cards
2026-02-06 16:35:26,256 - INFO - ✓ Página 3: 30 imóveis extraídos
2026-02-06 16:35:26,329 - INFO - Driver fechado
2026-02-06 16:35:26,329 - INFO - Aguardando 5.3s antes da próxima página...
2026-02-06 16:35:31,627 - INFO - ============================================================
2026-02-06 16:35:31,627 - INFO - PÁGINA 4
2026-02-06 16:35:31,627 - INFO - ============================================================
2026-02-06 16:35:31,627 - INFO - ====== WebDriver manager ======
2026-02-06 16:35:31,684 - INFO - Get LATEST chromedriver version for google-chrome
2026-02-06 16:35:31,761 - INFO - Get LATEST chromedriver version for google-chrome
2026-02-06 16:35:31,839 - INFO - Driver [/home/felipe/.wdm/drivers/chromedriver/linux64/144.0.7559.133/chromedriver-linux64/chromedriver] found in cache
2026-02-06 16:35:32,668 - INFO - Driver criado com User-Agent: Mozilla/5.0 (Windows NT 10.0; Win64; x64) AppleWeb...
2026-02-06 16:35:32,668 - INFO - Acessando: https://www.zapimoveis.com.br/venda/imoveis/pr+guarapuava/?pagina=4
2026-02-06 16:35:33,397 - INFO - Aguardando 6.1s para carregamento...
2026-02-06 16:35:46,356 - INFO - Analisando página HTML...
2026-02-06 16:35:46,358 - INFO - Tentativa 1 (links com /imovel/): 38 cards
2026-02-06 16:35:46,360 - INFO - ✓ Página 4: 38 imóveis extraídos
2026-02-06 16:35:46,430 - INFO - Driver fechado
2026-02-06 16:35:46,431 - INFO - Aguardando 7.5s antes da próxima página...
2026-02-06 16:35:53,946 - INFO - ============================================================
2026-02-06 16:35:53,946 - INFO - PÁGINA 5
2026-02-06 16:35:53,946 - INFO - ============================================================
2026-02-06 16:35:53,946 - INFO - ====== WebDriver manager ======
2026-02-06 16:35:54,003 - INFO - Get LATEST chromedriver version for google-chrome
2026-02-06 16:35:54,103 - INFO - Get LATEST chromedriver version for google-chrome
2026-02-06 16:35:54,179 - INFO - Driver [/home/felipe/.wdm/drivers/chromedriver/linux64/144.0.7559.133/chromedriver-linux64/chromedriver] found in cache
2026-02-06 16:35:55,000 - INFO - Driver criado com User-Agent: Mozilla/5.0 (Windows NT 10.0; Win64; x64; rv:121.0...
2026-02-06 16:35:55,000 - INFO - Acessando: https://www.zapimoveis.com.br/venda/imoveis/pr+guarapuava/?pagina=5
2026-02-06 16:35:55,876 - INFO - Aguardando 6.9s para carregamento...
2026-02-06 16:36:11,115 - INFO - Analisando página HTML...
2026-02-06 16:36:11,116 - INFO - Tentativa 1 (links com /imovel/): 38 cards
2026-02-06 16:36:11,118 - INFO - ✓ Página 5: 38 imóveis extraídos
2026-02-06 16:36:11,197 - INFO - Driver fechado
2026-02-06 16:36:11,200 - INFO - ============================================================
2026-02-06 16:36:11,200 - INFO - SCRAPING CONCLUÍDO
2026-02-06 16:36:11,200 - INFO - Total de imóveis coletados: 158
2026-02-06 16:36:11,200 - INFO - ============================================================
2026-02-06 16:36:11,212 - INFO - ✓ Dados salvos em data/raw/imoveis_guarapuava_20260206_163611.csv
